<?xml version="1.0" encoding="UTF-8"?>
<beans xmlns="http://www.springframework.org/schema/beans"
    xmlns:xsi="http://www.w3.org/2001/XMLSchema-instance"
    xmlns:context="http://www.springframework.org/schema/context"
    xsi:schemaLocation="http://www.springframework.org/schema/beans
        http://www.springframework.org/schema/beans/spring-beans.xsd
        http://www.springframework.org/schema/context
        http://www.springframework.org/schema/context/spring-context.xsd">
	
    
    <context:component-scan base-package="com.mongodb" />
	<context:component-scan base-package="com.mongodb.test" />
    <context:component-scan base-package="com.mongodb.pocdriver" />
    
    <context:property-placeholder location="classpath:test.properties"/>
	
	<bean id="sourceTestClient" class="com.mongodb.mongopush.utility.MongoTestClient">
    	<constructor-arg index="0" value="source"/>
    	<constructor-arg index="1" value="mongodb://localhost:27017"/>
	</bean>
	
	<bean id="targetTestClient" class="com.mongodb.mongopush.utility.MongoTestClient">
    	<constructor-arg index="0" value="target"/>
    	<constructor-arg index="1" value="mongodb://localhost:27018"/>
	</bean>

    
</beans>